<?xml version="1.0" encoding="UTF-8"?>
<!-- Generated by org.testng.reporters.JUnitReportReporter -->
<testsuite hostname="DESKTOP-UR3U7TE" failures="0" tests="1" name="com.DataPageTestng.Test1" time="5.081" errors="0" timestamp="2023-11-27T13:57:58 IST" skipped="0">
  <testcase classname="com.DataPageTestng.Test1" name="customerLogin" time="5.081"/>
</testsuite> <!-- com.DataPageTestng.Test1 -->
